<?xml version="1.0" encoding="UTF-8"?>
<!-- Generated by org.testng.reporters.JUnitXMLReporter -->
<testsuite ignored="0" hostname="DESKTOP-3NLNO6U" failures="1" tests="7" name="Default test" time="71.516" errors="0" timestamp="2021-02-01T18:12:36 CST">
  <testcase classname="io.cucumber.testng.AbstractTestNGCucumberTests" name="runScenario" time="11.015"/>
  <testcase classname="io.cucumber.testng.AbstractTestNGCucumberTests" name="runScenario" time="10.098"/>
  <testcase classname="io.cucumber.testng.AbstractTestNGCucumberTests" name="runScenario" time="9.89"/>
  <testcase classname="io.cucumber.testng.AbstractTestNGCucumberTests" name="runScenario" time="10.132"/>
  <testcase classname="io.cucumber.testng.AbstractTestNGCucumberTests" name="runScenario" time="9.5"/>
  <testcase classname="io.cucumber.testng.AbstractTestNGCucumberTests" name="runScenario" time="10.48"/>
  <testcase classname="io.cucumber.testng.AbstractTestNGCucumberTests" name="runScenario" time="10.104">
    <failure type="java.lang.AssertionError" message="expected [1129.0] but found [1129.3900146484375]">
      <![CDATA[java.lang.AssertionError: expected [1129.0] but found [1129.3900146484375]
at org.testng.Assert.fail(Assert.java:99)
at org.testng.Assert.failNotEquals(Assert.java:1037)
at org.testng.Assert.assertEquals(Assert.java:671)
at org.testng.Assert.assertEquals(Assert.java:684)
at cucumberStepDefine.StepDefine.verify_that_converted_total_amount_with_avg_sell_price(StepDefine.java:43)
at âœ½.Verify that converted total Amount with Avg Sell price(file:///D:/Selenium/Currency/src/test/java/features/currencyConv.feature:8)
]]>
    </failure>
  </testcase> <!-- runScenario -->
</testsuite> <!-- Default test -->
