<?xml version="1.0" encoding="UTF-8"?>
<!-- Generated by org.testng.reporters.JUnitXMLReporter -->
<testsuite ignored="0" hostname="DESKTOP-3NLNO6U" failures="3" tests="14" name="CucumberTest" time="148.098" errors="0" timestamp="2021-02-01T18:36:48 CST">
  <testcase classname="io.cucumber.testng.AbstractTestNGCucumberTests" name="runScenario" time="10.581"/>
  <testcase classname="io.cucumber.testng.AbstractTestNGCucumberTests" name="runScenario" time="9.899"/>
  <testcase classname="io.cucumber.testng.AbstractTestNGCucumberTests" name="runScenario" time="10.792"/>
  <testcase classname="io.cucumber.testng.AbstractTestNGCucumberTests" name="runScenario" time="10.646"/>
  <testcase classname="io.cucumber.testng.AbstractTestNGCucumberTests" name="runScenario" time="10.444"/>
  <testcase classname="io.cucumber.testng.AbstractTestNGCucumberTests" name="runScenario" time="10.276"/>
  <testcase classname="io.cucumber.testng.AbstractTestNGCucumberTests" name="runScenario" time="9.669">
    <failure type="java.lang.AssertionError" message="expected [1129.0] but found [1129.3900146484375]">
      <![CDATA[java.lang.AssertionError: expected [1129.0] but found [1129.3900146484375]
at cucumberStepDefine.StepDefine.verify_that_converted_total_amount_with_avg_sell_price(StepDefine.java:43)
at ✽.Verify that converted total Amount with Avg Sell price(file:///D:/Selenium/Currency/src/test/java/features/currencyConv.feature:8)
... Removed 4 stack frames]]>
    </failure>
  </testcase> <!-- runScenario -->
  <testcase classname="io.cucumber.testng.AbstractTestNGCucumberTests" name="runScenario" time="11.352"/>
  <testcase classname="io.cucumber.testng.AbstractTestNGCucumberTests" name="runScenario" time="10.489"/>
  <testcase classname="io.cucumber.testng.AbstractTestNGCucumberTests" name="runScenario" time="10.603"/>
  <testcase classname="io.cucumber.testng.AbstractTestNGCucumberTests" name="runScenario" time="11.322">
    <failure type="java.lang.AssertionError" message="expected [960.0] but found [1000.0]">
      <![CDATA[java.lang.AssertionError: expected [960.0] but found [1000.0]
at cucumberStepDefine.StepDefine.verify_that_converted_total_amount_with_avg_sell_and_percentage_price(StepDefine.java:51)
at ✽.Verify that converted total Amount with Avg Sell and Percentage 4 price(file:///D:/Selenium/Currency/src/test/java/features/currencyConv.feature:28)
... Removed 4 stack frames]]>
    </failure>
  </testcase> <!-- runScenario -->
  <testcase classname="io.cucumber.testng.AbstractTestNGCucumberTests" name="runScenario" time="10.149"/>
  <testcase classname="io.cucumber.testng.AbstractTestNGCucumberTests" name="runScenario" time="10.731"/>
  <testcase classname="io.cucumber.testng.AbstractTestNGCucumberTests" name="runScenario" time="10.818">
    <failure type="java.lang.AssertionError" message="expected [1095.1300048828125] but found [1129.3900146484375]">
      <![CDATA[java.lang.AssertionError: expected [1095.1300048828125] but found [1129.3900146484375]
at cucumberStepDefine.StepDefine.verify_that_converted_total_amount_with_avg_sell_and_percentage_price(StepDefine.java:51)
at ✽.Verify that converted total Amount with Avg Sell and Percentage 3 price(file:///D:/Selenium/Currency/src/test/java/features/currencyConv.feature:28)
... Removed 4 stack frames]]>
    </failure>
  </testcase> <!-- runScenario -->
</testsuite> <!-- CucumberTest -->
